<?xml version="1.0" encoding="UTF-8"?>
<!-- Generated by org.testng.reporters.JUnitReportReporter -->
<testsuite skipped="0" hostname="evs01cpb424" name="practice_pck.java_practice" tests="1" failures="0" timestamp="26 Oct 2017 06:27:01 GMT" time="0.000" errors="0">
  <testcase name="triangle_pattern" time="0.000" classname="practice_pck.java_practice"/>
</testsuite> <!-- practice_pck.java_practice -->
