<?xml version="1.0" encoding="UTF-8"?>
<!-- Generated by org.testng.reporters.JUnitReportReporter -->
<testsuite hostname="evs01cpb424" name="practice_pck.Autoit" tests="1" failures="0" timestamp="14 Feb 2017 10:45:02 GMT" time="0.013" errors="0">
  <testcase name="date_format" time="0.013" classname="practice_pck.Autoit"/>
</testsuite> <!-- practice_pck.Autoit -->
