<?xml version="1.0" encoding="UTF-8"?>
<!-- Generated by org.testng.reporters.JUnitReportReporter -->
<testsuite hostname="evs01cpb424" name="practice_pck.delete1" tests="3" failures="0" timestamp="2 Feb 2017 04:58:04 GMT" time="1.110" errors="0">
  <testcase name="test2" time="0.000" classname="practice_pck.delete1"/>
  <testcase name="test1" time="0.000" classname="practice_pck.delete1"/>
  <testcase name="read_excel" time="1.110" classname="practice_pck.delete1"/>
</testsuite> <!-- practice_pck.delete1 -->
