<?xml version="1.0" encoding="UTF-8"?>
<!-- Generated by org.testng.reporters.JUnitReportReporter -->
<testsuite hostname="evs01cpb424" name="practice_pck.Data_provider" tests="3" failures="0" timestamp="5 May 2017 10:12:11 GMT" time="0.008" errors="0">
  <testcase name="setdata" time="0.001" classname="practice_pck.Data_provider"/>
  <testcase name="setdata" time="0.001" classname="practice_pck.Data_provider"/>
  <testcase name="setdata" time="0.006" classname="practice_pck.Data_provider"/>
</testsuite> <!-- practice_pck.Data_provider -->
